2019-09-26 12:07:17,852  INFO [main] LogReport:23 - IE browser started...
2019-09-26 12:07:18,057  INFO [main] LogReport:23 - Application is open...
2019-09-26 12:08:10,575  INFO [main] LogReport:23 - IE browser started...
2019-09-26 12:08:10,761  INFO [main] LogReport:23 - Application is open...
2019-09-26 12:10:12,794  INFO [main] LogReport:23 - IE browser started...
2019-09-26 12:10:12,975  INFO [main] LogReport:23 - Application is open...
2019-09-26 12:11:32,059  INFO [main] LogReport:23 - Chrome browser started...
2019-09-26 12:11:40,356  INFO [main] LogReport:23 - Application is open...
2019-09-26 12:12:41,204  INFO [main] LogReport:23 - Chrome browser started...
2019-09-26 12:12:49,640  INFO [main] LogReport:23 - Application is open...
2019-09-26 12:14:31,067  INFO [main] LogReport:23 - Chrome browser started...
2019-09-26 12:14:41,719  INFO [main] LogReport:23 - Application is open...
2019-09-26 12:15:03,919  INFO [main] LogReport:23 - IE browser started...
2019-09-26 12:15:04,194  INFO [main] LogReport:23 - Application is open...
2019-09-26 12:37:45,622  INFO [main] LogReport:23 - Firefox browser started...
2019-09-26 12:37:52,532  INFO [main] LogReport:23 - Application is open...
2019-09-26 12:43:08,288  INFO [main] LogReport:23 - Firefox browser started...
2019-09-26 12:43:14,945  INFO [main] LogReport:23 - Application is open...
2019-09-26 12:43:28,565  INFO [main] LogReport:23 - Chrome browser started...
2019-09-26 12:43:36,373  INFO [main] LogReport:23 - Application is open...
2019-09-26 12:45:00,489  INFO [main] LogReport:23 - Chrome browser started...
2019-09-26 12:45:10,153  INFO [main] LogReport:23 - Application is open...
2019-09-26 12:45:31,225  INFO [main] LogReport:23 - Chrome browser started...
2019-09-26 12:45:39,266  INFO [main] LogReport:23 - Application is open...
2019-09-26 12:46:03,299  INFO [main] LogReport:23 - Chrome browser started...
2019-09-26 12:46:12,314  INFO [main] LogReport:23 - Application is open...
2019-09-26 12:46:36,326  INFO [main] LogReport:23 - Chrome browser started...
2019-09-26 12:46:44,569  INFO [main] LogReport:23 - Application is open...
2019-09-26 12:48:07,216  INFO [main] LogReport:23 - Chrome browser started...
2019-09-26 12:48:15,516  INFO [main] LogReport:23 - Application is open...
2019-09-26 12:57:12,256  INFO [main] LogReport:23 - Chrome browser started...
2019-09-26 12:57:20,239  INFO [main] LogReport:23 - Application is open...
2019-09-26 12:58:02,436  INFO [main] LogReport:23 - Chrome browser started...
2019-09-26 12:58:11,120  INFO [main] LogReport:23 - Application is open...
2019-09-26 12:59:49,753  INFO [main] LogReport:23 - Chrome browser started...
2019-09-26 12:59:58,349  INFO [main] LogReport:23 - Application is open...
2019-09-26 13:03:55,900  INFO [main] LogReport:23 - Chrome browser started...
2019-09-26 13:04:04,635  INFO [main] LogReport:23 - Application is open...
2019-09-26 13:04:49,097  INFO [main] LogReport:23 - Chrome browser started...
2019-09-26 13:04:57,870  INFO [main] LogReport:23 - Application is open...
2019-09-26 13:06:51,422  INFO [main] LogReport:23 - Chrome browser started...
2019-09-26 13:06:59,441  INFO [main] LogReport:23 - Application is open...
2019-09-26 13:09:46,811  INFO [main] LogReport:23 - Chrome browser started...
2019-09-26 13:09:55,353  INFO [main] LogReport:23 - Application is open...
2019-09-26 13:13:40,299  INFO [main] LogReport:23 - Chrome browser started...
2019-09-26 13:13:49,136  INFO [main] LogReport:23 - Application is open...
2019-09-26 13:16:36,378  INFO [main] LogReport:23 - Chrome browser started...
2019-09-26 13:16:44,613  INFO [main] LogReport:23 - Application is open...
2019-09-26 13:17:41,261  INFO [main] LogReport:23 - Chrome browser started...
2019-09-26 13:17:49,785  INFO [main] LogReport:23 - Application is open...
2019-09-26 13:18:49,795  INFO [main] LogReport:23 - Chrome browser started...
2019-09-26 13:18:58,316  INFO [main] LogReport:23 - Application is open...
2019-09-26 13:19:29,740  INFO [main] LogReport:23 - Chrome browser started...
2019-09-26 13:19:38,952  INFO [main] LogReport:23 - Application is open...
2019-09-26 13:22:41,268  INFO [main] LogReport:23 - Chrome browser started...
2019-09-26 13:22:50,463  INFO [main] LogReport:23 - Application is open...
2019-09-26 13:23:49,960  INFO [main] LogReport:23 - Chrome browser started...
2019-09-26 13:23:59,191  INFO [main] LogReport:23 - Application is open...
2019-09-26 13:24:28,594  INFO [main] LogReport:23 - Chrome browser started...
2019-09-26 13:24:36,964  INFO [main] LogReport:23 - Application is open...
2019-09-26 13:25:24,275  INFO [main] LogReport:23 - Chrome browser started...
2019-09-26 13:25:32,861  INFO [main] LogReport:23 - Application is open...
2019-09-26 13:25:53,757  INFO [main] LogReport:23 - Chrome browser started...
2019-09-26 13:26:02,771  INFO [main] LogReport:23 - Application is open...
2019-09-26 13:26:48,054  INFO [main] LogReport:23 - Chrome browser started...
2019-09-26 13:26:56,757  INFO [main] LogReport:23 - Application is open...
2019-09-26 13:28:04,300  INFO [main] LogReport:23 - Chrome browser started...
2019-09-26 13:28:15,627  INFO [main] LogReport:23 - Application is open...
2019-09-26 13:28:34,283  INFO [main] LogReport:23 - Chrome browser started...
2019-09-26 13:28:45,561  INFO [main] LogReport:23 - Application is open...
2019-09-26 13:29:35,098  INFO [main] LogReport:23 - Chrome browser started...
2019-09-26 13:29:46,965  INFO [main] LogReport:23 - Application is open...
2019-09-26 13:30:56,755  INFO [main] LogReport:23 - Chrome browser started...
2019-09-26 13:31:05,484  INFO [main] LogReport:23 - Application is open...
2019-09-26 13:32:23,743  INFO [main] LogReport:23 - IE browser started...
2019-09-26 13:32:23,935  INFO [main] LogReport:23 - Application is open...
2019-09-26 13:34:11,589  INFO [main] LogReport:23 - Chrome browser started...
2019-09-26 13:34:19,836  INFO [main] LogReport:23 - Application is open...
2019-09-26 14:17:23,790  INFO [main] LogReport:23 - Chrome browser started...
2019-09-26 14:17:31,807  INFO [main] LogReport:23 - Application is open...
2019-09-26 14:18:09,367  INFO [main] LogReport:23 - Chrome browser started...
2019-09-26 14:18:16,720  INFO [main] LogReport:23 - Application is open...
2019-09-26 14:21:13,537  INFO [main] LogReport:23 - Chrome browser started...
2019-09-26 14:21:21,657  INFO [main] LogReport:23 - Application is open...
2019-09-26 14:22:12,148  INFO [main] LogReport:23 - Chrome browser started...
2019-09-26 14:22:19,535  INFO [main] LogReport:23 - Application is open...
2019-09-26 14:22:59,521  INFO [main] LogReport:23 - Chrome browser started...
2019-09-26 14:23:06,445  INFO [main] LogReport:23 - Application is open...
2019-09-26 14:26:48,586  INFO [main] LogReport:23 - Chrome browser started...
2019-09-26 14:26:55,750  INFO [main] LogReport:23 - Application is open...
2019-09-26 14:33:42,221  INFO [main] LogReport:23 - Chrome browser started...
2019-09-26 14:33:49,749  INFO [main] LogReport:23 - Application is open...
2019-09-26 14:34:45,389  INFO [main] LogReport:23 - Chrome browser started...
2019-09-26 14:34:52,582  INFO [main] LogReport:23 - Application is open...
2019-09-26 14:35:57,950  INFO [main] LogReport:23 - Chrome browser started...
2019-09-26 14:36:05,762  INFO [main] LogReport:23 - Application is open...
2019-09-26 14:37:20,810  INFO [main] LogReport:23 - Chrome browser started...
2019-09-26 14:37:29,059  INFO [main] LogReport:23 - Application is open...
2019-09-26 14:38:46,522  INFO [main] LogReport:23 - Chrome browser started...
2019-09-26 14:38:57,300  INFO [main] LogReport:23 - Application is open...
2019-09-26 14:52:43,540  INFO [main] LogReport:23 - Chrome browser started...
2019-09-26 14:52:54,319  INFO [main] LogReport:23 - Application is open...
2019-09-26 14:55:19,162  INFO [main] LogReport:23 - Chrome browser started...
2019-09-26 14:55:29,679  INFO [main] LogReport:23 - Application is open...
2019-09-26 15:01:17,316  INFO [main] LogReport:23 - Chrome browser started...
2019-09-26 15:01:27,436  INFO [main] LogReport:23 - Application is open...
2019-09-26 15:02:36,299  INFO [main] LogReport:23 - Chrome browser started...
2019-09-26 15:02:46,401  INFO [main] LogReport:23 - Application is open...
2019-09-26 15:04:09,476  INFO [main] LogReport:23 - Chrome browser started...
2019-09-26 15:04:19,176  INFO [main] LogReport:23 - Application is open...
2019-09-26 15:04:59,422  INFO [main] LogReport:23 - Chrome browser started...
2019-09-26 15:05:09,366  INFO [main] LogReport:23 - Application is open...
2019-09-26 15:06:14,914  INFO [main] LogReport:23 - Chrome browser started...
2019-09-26 15:06:24,732  INFO [main] LogReport:23 - Application is open...
2019-09-26 15:08:31,481  INFO [main] LogReport:23 - Chrome browser started...
2019-09-26 15:08:41,326  INFO [main] LogReport:23 - Application is open...
2019-09-26 15:19:18,192  INFO [main] LogReport:23 - Chrome browser started...
2019-09-26 15:19:28,658  INFO [main] LogReport:23 - Application is open...
2019-09-26 15:22:24,357  INFO [main] LogReport:23 - Chrome browser started...
2019-09-26 15:22:34,495  INFO [main] LogReport:23 - Application is open...
2019-09-26 15:25:28,303  INFO [main] LogReport:23 - Chrome browser started...
2019-09-26 15:25:38,169  INFO [main] LogReport:23 - Application is open...
2019-09-26 15:29:42,338  INFO [main] LogReport:23 - Chrome browser started...
2019-09-26 15:29:52,424  INFO [main] LogReport:23 - Application is open...
2019-09-26 15:38:59,872  INFO [main] LogReport:23 - Chrome browser started...
2019-09-26 15:39:09,651  INFO [main] LogReport:23 - Application is open...
2019-09-26 15:41:22,858  INFO [main] LogReport:23 - Chrome browser started...
2019-09-26 15:41:32,975  INFO [main] LogReport:23 - Application is open...
2019-09-26 15:42:08,403  INFO [main] LogReport:23 - Chrome browser started...
2019-09-26 15:42:18,959  INFO [main] LogReport:23 - Application is open...
2019-09-26 15:45:50,359  INFO [main] LogReport:23 - Chrome browser started...
2019-09-26 15:46:00,112  INFO [main] LogReport:23 - Application is open...
2019-09-26 15:48:14,980  INFO [main] LogReport:23 - Chrome browser started...
2019-09-26 15:48:24,848  INFO [main] LogReport:23 - Application is open...
2019-09-26 15:54:22,955  INFO [main] LogReport:23 - Chrome browser started...
2019-09-26 15:54:32,780  INFO [main] LogReport:23 - Application is open...
2019-09-26 15:55:42,318  INFO [main] LogReport:23 - Chrome browser started...
2019-09-26 15:55:52,746  INFO [main] LogReport:23 - Application is open...
2019-09-26 15:56:47,235  INFO [main] LogReport:23 - Chrome browser started...
2019-09-26 15:56:58,288  INFO [main] LogReport:23 - Application is open...
2019-09-26 15:58:03,789  INFO [main] LogReport:23 - Chrome browser started...
2019-09-26 15:58:14,703  INFO [main] LogReport:23 - Application is open...
2019-09-26 16:08:10,621  INFO [main] LogReport:23 - Chrome browser started...
2019-09-26 16:08:22,318  INFO [main] LogReport:23 - Application is open...
2019-09-26 16:09:18,578  INFO [main] LogReport:23 - Chrome browser started...
2019-09-26 16:09:29,659  INFO [main] LogReport:23 - Application is open...
2019-09-26 17:04:17,227  INFO [main] LogReport:23 - Chrome browser started...
2019-09-26 17:04:28,696  INFO [main] LogReport:23 - Application is open...
2019-09-26 17:10:21,059  INFO [main] LogReport:23 - Chrome browser started...
2019-09-26 17:10:32,908  INFO [main] LogReport:23 - Application is open...
2019-09-26 17:15:38,135  INFO [main] LogReport:23 - Chrome browser started...
2019-09-26 17:15:49,398  INFO [main] LogReport:23 - Application is open...
2019-09-26 17:17:16,547  INFO [main] LogReport:23 - Chrome browser started...
2019-09-26 17:17:25,408  INFO [main] LogReport:23 - Application is open...
2019-09-26 17:19:26,714  INFO [main] LogReport:23 - Chrome browser started...
2019-09-26 17:19:35,670  INFO [main] LogReport:23 - Application is open...
2019-09-26 17:26:49,143  INFO [main] LogReport:23 - Chrome browser started...
2019-09-26 17:26:58,405  INFO [main] LogReport:23 - Application is open...
2019-09-26 17:27:09,300  INFO [main] LogReport:23 - Successfully validated breadcrumb
2019-09-26 17:27:09,338  INFO [main] LogReport:23 - Successfully validated title
2019-09-26 17:27:09,392  INFO [main] LogReport:23 - Successfully validated content
2019-09-26 17:33:23,715  INFO [main] LogReport:23 - Chrome browser started...
2019-09-26 17:33:25,969  INFO [main] LogReport:23 - Application is open...
2019-09-26 17:33:42,338  INFO [main] LogReport:23 - Chrome browser started...
2019-09-26 17:33:44,084  INFO [main] LogReport:23 - Application is open...
2019-09-26 17:34:27,537  INFO [main] LogReport:23 - Chrome browser started...
2019-09-26 17:34:36,696  INFO [main] LogReport:23 - Application is open...
2019-09-26 17:34:45,983  INFO [main] LogReport:23 - Successfully validated breadcrumb
2019-09-26 17:34:46,041  INFO [main] LogReport:23 - Successfully validated title
2019-09-26 17:36:06,153  INFO [main] LogReport:23 - Chrome browser started...
2019-09-26 17:36:15,278  INFO [main] LogReport:23 - Application is open...
2019-09-26 17:36:27,300  INFO [main] LogReport:23 - Successfully validated breadcrumb
2019-09-26 17:36:27,339  INFO [main] LogReport:23 - Successfully validated title
2019-09-26 17:37:08,912  INFO [main] LogReport:23 - Chrome browser started...
2019-09-26 17:37:18,640  INFO [main] LogReport:23 - Application is open...
2019-09-26 17:37:27,447  INFO [main] LogReport:23 - Successfully validated breadcrumb
2019-09-26 17:37:27,490  INFO [main] LogReport:23 - Successfully validated title
2019-09-26 17:39:15,843  INFO [main] LogReport:23 - Chrome browser started...
2019-09-26 17:39:25,832  INFO [main] LogReport:23 - Application is open...
2019-09-26 17:39:35,327  INFO [main] LogReport:23 - Successfully validated breadcrumb
2019-09-26 17:39:35,363  INFO [main] LogReport:23 - Successfully validated title
2019-09-26 17:39:35,470  INFO [main] LogReport:23 - Successfully validated content
2019-09-26 17:40:45,536  INFO [main] LogReport:23 - Chrome browser started...
2019-09-26 17:40:54,521  INFO [main] LogReport:23 - Application is open...
2019-09-26 17:41:03,994  INFO [main] LogReport:23 - Successfully validated breadcrumb
2019-09-26 17:41:04,038  INFO [main] LogReport:23 - Successfully validated title
2019-09-26 17:41:04,082  INFO [main] LogReport:23 - Successfully validated date
2019-09-26 17:41:04,129  INFO [main] LogReport:23 - Successfully validated content
2019-09-26 17:45:27,596  INFO [main] LogReport:23 - Chrome browser started...
2019-09-26 17:45:37,257  INFO [main] LogReport:23 - Application is open...
2019-09-26 17:46:53,365  INFO [main] LogReport:23 - Chrome browser started...
2019-09-26 17:47:02,338  INFO [main] LogReport:23 - Application is open...
2019-09-26 17:47:11,941  INFO [main] LogReport:23 - Successfully validated breadcrumb
2019-09-26 17:47:11,978  INFO [main] LogReport:23 - Successfully validated title
2019-09-26 17:47:12,027  INFO [main] LogReport:23 - Successfully validated date
2019-09-26 17:47:12,072  INFO [main] LogReport:23 - Successfully validated content
2019-09-26 17:50:10,035  INFO [main] LogReport:23 - Chrome browser started...
2019-09-26 17:50:19,374  INFO [main] LogReport:23 - Application is open...
2019-09-26 17:50:44,809  INFO [main] LogReport:23 - Chrome browser started...
2019-09-26 17:50:54,994  INFO [main] LogReport:23 - Application is open...
2019-09-26 17:51:04,679  INFO [main] LogReport:23 - Successfully validated breadcrumb
2019-09-26 17:51:04,720  INFO [main] LogReport:23 - Successfully validated title
2019-09-26 17:51:04,784  INFO [main] LogReport:23 - Successfully validated date
2019-09-26 17:51:04,837  INFO [main] LogReport:23 - Successfully validated content
2019-09-26 17:57:18,971  INFO [main] LogReport:23 - Firefox browser started...
2019-09-26 17:57:28,683  INFO [main] LogReport:23 - Application is open...
2019-09-26 17:57:49,355  INFO [main] LogReport:23 - Firefox browser started...
2019-09-26 17:57:57,919  INFO [main] LogReport:23 - Application is open...
2019-09-26 17:58:34,175  INFO [main] LogReport:23 - Firefox browser started...
2019-09-26 17:58:42,391  INFO [main] LogReport:23 - Application is open...
2019-09-26 18:00:06,861  INFO [main] LogReport:23 - Firefox browser started...
2019-09-26 18:00:15,697  INFO [main] LogReport:23 - Application is open...
2019-09-26 18:01:23,483  INFO [main] LogReport:23 - Firefox browser started...
2019-09-26 18:01:31,643  INFO [main] LogReport:23 - Application is open...
2019-09-26 18:02:16,965  INFO [main] LogReport:23 - Firefox browser started...
2019-09-26 18:02:26,070  INFO [main] LogReport:23 - Application is open...
2019-09-26 18:03:02,718  INFO [main] LogReport:23 - Firefox browser started...
2019-09-26 18:03:12,583  INFO [main] LogReport:23 - Application is open...
2019-09-26 18:04:44,121  INFO [main] LogReport:23 - Firefox browser started...
2019-09-26 18:04:52,059  INFO [main] LogReport:23 - Application is open...
2019-09-26 18:05:23,519  INFO [main] LogReport:23 - Firefox browser started...
2019-09-26 18:05:32,450  INFO [main] LogReport:23 - Application is open...
2019-09-26 18:13:01,351  INFO [main] LogReport:23 - Firefox browser started...
2019-09-26 18:13:11,750  INFO [main] LogReport:23 - Application is open...
2019-09-26 18:28:43,615  INFO [main] LogReport:23 - Chrome browser started...
2019-09-26 18:28:53,387  INFO [main] LogReport:23 - Application is open...
2019-09-26 18:29:27,061  INFO [main] LogReport:23 - Chrome browser started...
2019-09-26 18:29:36,721  INFO [main] LogReport:23 - Application is open...
2019-09-26 18:32:47,305  INFO [main] LogReport:23 - Chrome browser started...
2019-09-26 18:32:56,961  INFO [main] LogReport:23 - Application is open...
2019-09-26 18:32:57,095  INFO [main] LogReport:23 - Successfully validated sitemap
2019-09-26 18:32:57,165  INFO [main] LogReport:23 - Successfully validated services
2019-09-26 18:32:57,213  INFO [main] LogReport:23 - Successfully validated careers
2019-09-26 18:32:57,255  INFO [main] LogReport:23 - Successfully validated contact us
2019-09-26 18:32:57,282  INFO [main] LogReport:23 - Successfully validated sitemap
2019-09-26 18:32:57,313  INFO [main] LogReport:23 - Successfully validated services
2019-09-26 18:32:57,360  INFO [main] LogReport:23 - Successfully validated careers
2019-09-26 18:32:57,407  INFO [main] LogReport:23 - Successfully validated contact us
2019-09-26 18:32:57,500  INFO [main] LogReport:23 - Successfully validated sitemap
2019-09-26 18:32:57,532  INFO [main] LogReport:23 - Successfully validated services
2019-09-26 18:32:57,584  INFO [main] LogReport:23 - Successfully validated careers
2019-09-26 18:32:57,599  INFO [main] LogReport:23 - Successfully validated contact us
2019-09-26 18:32:57,678  INFO [main] LogReport:23 - Successfully validated sitemap
2019-09-26 18:32:57,732  INFO [main] LogReport:23 - Successfully validated services
2019-09-26 18:32:57,757  INFO [main] LogReport:23 - Successfully validated careers
2019-09-26 18:32:57,780  INFO [main] LogReport:23 - Successfully validated contact us
2019-09-26 18:32:57,814  INFO [main] LogReport:23 - Successfully validated sitemap
2019-09-26 18:32:57,840  INFO [main] LogReport:23 - Successfully validated services
2019-09-26 18:32:57,871  INFO [main] LogReport:23 - Successfully validated careers
2019-09-26 18:32:57,919  INFO [main] LogReport:23 - Successfully validated contact us
2019-09-26 18:32:57,979  INFO [main] LogReport:23 - Successfully validated sitemap
2019-09-26 18:32:58,002  INFO [main] LogReport:23 - Successfully validated services
2019-09-26 18:32:58,027  INFO [main] LogReport:23 - Successfully validated careers
2019-09-26 18:32:58,050  INFO [main] LogReport:23 - Successfully validated contact us
2019-09-26 18:32:58,085  INFO [main] LogReport:23 - Successfully validated sitemap
2019-09-26 18:32:58,115  INFO [main] LogReport:23 - Successfully validated services
2019-09-26 18:32:58,138  INFO [main] LogReport:23 - Successfully validated careers
2019-09-26 18:32:58,187  INFO [main] LogReport:23 - Successfully validated contact us
2019-09-26 18:32:58,246  INFO [main] LogReport:23 - Successfully validated sitemap
2019-09-26 18:32:58,273  INFO [main] LogReport:23 - Successfully validated services
2019-09-26 18:32:58,300  INFO [main] LogReport:23 - Successfully validated careers
2019-09-26 18:32:58,329  INFO [main] LogReport:23 - Successfully validated contact us
2019-09-26 18:34:25,999  INFO [main] LogReport:23 - Chrome browser started...
2019-09-26 18:34:35,893  INFO [main] LogReport:23 - Application is open...
2019-09-26 18:34:36,123  INFO [main] LogReport:23 - Successfully validated sitemap
2019-09-26 18:34:36,169  INFO [main] LogReport:23 - Successfully validated services
2019-09-26 18:34:36,219  INFO [main] LogReport:23 - Successfully validated careers
2019-09-26 18:34:36,264  INFO [main] LogReport:23 - Successfully validated contact us
2019-09-26 18:34:36,297  INFO [main] LogReport:23 - Successfully validated sitemap
2019-09-26 18:34:36,328  INFO [main] LogReport:23 - Successfully validated services
2019-09-26 18:34:36,359  INFO [main] LogReport:23 - Successfully validated careers
2019-09-26 18:34:36,391  INFO [main] LogReport:23 - Successfully validated contact us
2019-09-26 18:34:36,470  INFO [main] LogReport:23 - Successfully validated sitemap
2019-09-26 18:34:36,526  INFO [main] LogReport:23 - Successfully validated services
2019-09-26 18:34:36,562  INFO [main] LogReport:23 - Successfully validated careers
2019-09-26 18:34:36,597  INFO [main] LogReport:23 - Successfully validated contact us
2019-09-26 18:34:36,659  INFO [main] LogReport:23 - Successfully validated sitemap
2019-09-26 18:34:36,694  INFO [main] LogReport:23 - Successfully validated services
2019-09-26 18:34:36,730  INFO [main] LogReport:23 - Successfully validated careers
2019-09-26 18:34:36,779  INFO [main] LogReport:23 - Successfully validated contact us
2019-09-26 18:34:36,811  INFO [main] LogReport:23 - Successfully validated sitemap
2019-09-26 18:34:36,841  INFO [main] LogReport:23 - Successfully validated services
2019-09-26 18:34:36,869  INFO [main] LogReport:23 - Successfully validated careers
2019-09-26 18:34:36,894  INFO [main] LogReport:23 - Successfully validated contact us
2019-09-26 18:34:36,936  INFO [main] LogReport:23 - Successfully validated sitemap
2019-09-26 18:34:36,960  INFO [main] LogReport:23 - Successfully validated services
2019-09-26 18:34:36,992  INFO [main] LogReport:23 - Successfully validated careers
2019-09-26 18:34:37,037  INFO [main] LogReport:23 - Successfully validated contact us
2019-09-26 18:34:37,079  INFO [main] LogReport:23 - Successfully validated sitemap
2019-09-26 18:34:37,123  INFO [main] LogReport:23 - Successfully validated services
2019-09-26 18:34:37,149  INFO [main] LogReport:23 - Successfully validated careers
2019-09-26 18:34:37,173  INFO [main] LogReport:23 - Successfully validated contact us
2019-09-26 18:34:37,219  INFO [main] LogReport:23 - Successfully validated sitemap
2019-09-26 18:34:37,270  INFO [main] LogReport:23 - Successfully validated services
2019-09-26 18:34:37,297  INFO [main] LogReport:23 - Successfully validated careers
2019-09-26 18:34:37,320  INFO [main] LogReport:23 - Successfully validated contact us
2019-09-26 18:35:10,968  INFO [main] LogReport:23 - Chrome browser started...
2019-09-26 18:35:20,853  INFO [main] LogReport:23 - Application is open...
2019-09-26 18:35:21,082  INFO [main] LogReport:23 - Successfully validated sitemap
2019-09-26 18:35:21,149  INFO [main] LogReport:23 - Successfully validated services
2019-09-26 18:35:21,214  INFO [main] LogReport:23 - Successfully validated careers
2019-09-26 18:35:21,265  INFO [main] LogReport:23 - Successfully validated contact us
2019-09-26 18:35:24,281  INFO [main] LogReport:23 - Successfully validated sitemap
2019-09-26 18:35:24,302  INFO [main] LogReport:23 - Successfully validated services
2019-09-26 18:35:24,348  INFO [main] LogReport:23 - Successfully validated careers
2019-09-26 18:35:24,380  INFO [main] LogReport:23 - Successfully validated contact us
2019-09-26 18:35:24,454  INFO [main] LogReport:23 - Successfully validated sitemap
2019-09-26 18:35:24,480  INFO [main] LogReport:23 - Successfully validated services
2019-09-26 18:35:24,529  INFO [main] LogReport:23 - Successfully validated careers
2019-09-26 18:35:24,546  INFO [main] LogReport:23 - Successfully validated contact us
2019-09-26 18:35:24,639  INFO [main] LogReport:23 - Successfully validated sitemap
2019-09-26 18:35:24,681  INFO [main] LogReport:23 - Successfully validated services
2019-09-26 18:35:24,705  INFO [main] LogReport:23 - Successfully validated careers
2019-09-26 18:35:24,737  INFO [main] LogReport:23 - Successfully validated contact us
2019-09-26 18:35:24,815  INFO [main] LogReport:23 - Successfully validated sitemap
2019-09-26 18:35:24,830  INFO [main] LogReport:23 - Successfully validated services
2019-09-26 18:35:24,862  INFO [main] LogReport:23 - Successfully validated careers
2019-09-26 18:35:24,924  INFO [main] LogReport:23 - Successfully validated contact us
2019-09-26 18:35:24,963  INFO [main] LogReport:23 - Successfully validated sitemap
2019-09-26 18:35:24,995  INFO [main] LogReport:23 - Successfully validated services
2019-09-26 18:35:25,078  INFO [main] LogReport:23 - Successfully validated careers
2019-09-26 18:35:25,109  INFO [main] LogReport:23 - Successfully validated contact us
2019-09-26 18:35:25,187  INFO [main] LogReport:23 - Successfully validated sitemap
2019-09-26 18:35:25,234  INFO [main] LogReport:23 - Successfully validated services
2019-09-26 18:35:25,272  INFO [main] LogReport:23 - Successfully validated careers
2019-09-26 18:35:25,317  INFO [main] LogReport:23 - Successfully validated contact us
2019-09-26 18:35:25,387  INFO [main] LogReport:23 - Successfully validated sitemap
2019-09-26 18:35:25,434  INFO [main] LogReport:23 - Successfully validated services
2019-09-26 18:35:25,465  INFO [main] LogReport:23 - Successfully validated careers
2019-09-26 18:35:25,496  INFO [main] LogReport:23 - Successfully validated contact us
2019-09-26 18:36:09,006  INFO [main] LogReport:23 - Chrome browser started...
2019-09-26 18:36:18,749  INFO [main] LogReport:23 - Application is open...
2019-09-26 18:36:19,004  INFO [main] LogReport:23 - Successfully validated sitemap
2019-09-26 18:36:19,069  INFO [main] LogReport:23 - Successfully validated services
2019-09-26 18:36:19,137  INFO [main] LogReport:23 - Successfully validated careers
2019-09-26 18:36:19,212  INFO [main] LogReport:23 - Successfully validated contact us
2019-09-26 18:36:19,283  INFO [main] LogReport:23 - Successfully validated sitemap
2019-09-26 18:36:19,311  INFO [main] LogReport:23 - Successfully validated services
2019-09-26 18:36:19,385  INFO [main] LogReport:23 - Successfully validated careers
2019-09-26 18:36:19,526  INFO [main] LogReport:23 - Successfully validated contact us
2019-09-26 18:36:19,574  INFO [main] LogReport:23 - Successfully validated sitemap
2019-09-26 18:36:19,617  INFO [main] LogReport:23 - Successfully validated services
2019-09-26 18:36:19,645  INFO [main] LogReport:23 - Successfully validated careers
2019-09-26 18:36:19,707  INFO [main] LogReport:23 - Successfully validated contact us
2019-09-26 18:36:19,780  INFO [main] LogReport:23 - Successfully validated sitemap
2019-09-26 18:36:19,837  INFO [main] LogReport:23 - Successfully validated services
2019-09-26 18:36:19,868  INFO [main] LogReport:23 - Successfully validated careers
2019-09-26 18:36:19,960  INFO [main] LogReport:23 - Successfully validated contact us
2019-09-26 18:36:20,005  INFO [main] LogReport:23 - Successfully validated sitemap
2019-09-26 18:36:20,089  INFO [main] LogReport:23 - Successfully validated services
2019-09-26 18:36:20,111  INFO [main] LogReport:23 - Successfully validated careers
2019-09-26 18:36:20,142  INFO [main] LogReport:23 - Successfully validated contact us
2019-09-26 18:36:20,250  INFO [main] LogReport:23 - Successfully validated sitemap
2019-09-26 18:36:20,295  INFO [main] LogReport:23 - Successfully validated services
2019-09-26 18:36:20,316  INFO [main] LogReport:23 - Successfully validated careers
2019-09-26 18:36:20,346  INFO [main] LogReport:23 - Successfully validated contact us
2019-09-26 18:36:20,396  INFO [main] LogReport:23 - Successfully validated sitemap
2019-09-26 18:36:20,472  INFO [main] LogReport:23 - Successfully validated services
2019-09-26 18:36:20,521  INFO [main] LogReport:23 - Successfully validated careers
2019-09-26 18:36:20,551  INFO [main] LogReport:23 - Successfully validated contact us
2019-09-26 18:36:20,615  INFO [main] LogReport:23 - Successfully validated sitemap
2019-09-26 18:36:20,637  INFO [main] LogReport:23 - Successfully validated services
2019-09-26 18:36:20,667  INFO [main] LogReport:23 - Successfully validated careers
2019-09-26 18:36:20,695  INFO [main] LogReport:23 - Successfully validated contact us
2019-09-26 18:44:49,405  INFO [main] LogReport:23 - Chrome browser started...
2019-09-26 18:44:59,859  INFO [main] LogReport:23 - Application is open...
2019-09-26 18:45:00,125  INFO [main] LogReport:23 - Successfully validated sitemap
2019-09-26 18:45:00,265  INFO [main] LogReport:23 - Successfully validated services
2019-09-26 18:45:00,333  INFO [main] LogReport:23 - Successfully validated careers
2019-09-26 18:45:00,384  INFO [main] LogReport:23 - Successfully validated contact us
2019-09-26 18:45:00,436  INFO [main] LogReport:23 - Successfully validated sitemap
2019-09-26 18:45:00,475  INFO [main] LogReport:23 - Successfully validated services
2019-09-26 18:45:00,516  INFO [main] LogReport:23 - Successfully validated careers
2019-09-26 18:45:00,608  INFO [main] LogReport:23 - Successfully validated contact us
2019-09-26 18:45:00,643  INFO [main] LogReport:23 - Successfully validated sitemap
2019-09-26 18:45:00,690  INFO [main] LogReport:23 - Successfully validated services
2019-09-26 18:45:00,751  INFO [main] LogReport:23 - Successfully validated careers
2019-09-26 18:45:00,788  INFO [main] LogReport:23 - Successfully validated contact us
2019-09-26 18:45:00,876  INFO [main] LogReport:23 - Successfully validated sitemap
2019-09-26 18:45:00,907  INFO [main] LogReport:23 - Successfully validated services
2019-09-26 18:45:00,978  INFO [main] LogReport:23 - Successfully validated careers
2019-09-26 18:45:00,993  INFO [main] LogReport:23 - Successfully validated contact us
2019-09-26 18:45:01,055  INFO [main] LogReport:23 - Successfully validated sitemap
2019-09-26 18:45:01,086  INFO [main] LogReport:23 - Successfully validated services
2019-09-26 18:45:01,133  INFO [main] LogReport:23 - Successfully validated careers
2019-09-26 18:45:01,180  INFO [main] LogReport:23 - Successfully validated contact us
2019-09-26 18:45:01,243  INFO [main] LogReport:23 - Successfully validated sitemap
2019-09-26 18:45:01,274  INFO [main] LogReport:23 - Successfully validated services
2019-09-26 18:45:01,352  INFO [main] LogReport:23 - Successfully validated careers
2019-09-26 18:45:01,383  INFO [main] LogReport:23 - Successfully validated contact us
2019-09-26 18:45:01,425  INFO [main] LogReport:23 - Successfully validated sitemap
2019-09-26 18:45:01,460  INFO [main] LogReport:23 - Successfully validated services
2019-09-26 18:45:01,526  INFO [main] LogReport:23 - Successfully validated careers
2019-09-26 18:45:01,585  INFO [main] LogReport:23 - Successfully validated contact us
2019-09-26 18:45:01,664  INFO [main] LogReport:23 - Successfully validated sitemap
2019-09-26 18:45:01,689  INFO [main] LogReport:23 - Successfully validated services
2019-09-26 18:45:01,712  INFO [main] LogReport:23 - Successfully validated careers
2019-09-26 18:45:01,733  INFO [main] LogReport:23 - Successfully validated contact us
2019-09-26 18:45:16,567  INFO [main] LogReport:23 - Chrome browser started...
2019-09-26 18:45:26,223  INFO [main] LogReport:23 - Application is open...
2019-09-26 18:46:09,460  INFO [main] LogReport:23 - Chrome browser started...
2019-09-26 18:46:19,618  INFO [main] LogReport:23 - Application is open...
2019-09-26 18:50:19,989  INFO [main] LogReport:23 - Chrome browser started...
2019-09-26 18:50:29,473  INFO [main] LogReport:23 - Application is open...
2019-09-26 18:51:57,494  INFO [main] LogReport:23 - Chrome browser started...
2019-09-26 18:52:07,487  INFO [main] LogReport:23 - Application is open...
2019-09-26 18:57:06,845  INFO [main] LogReport:23 - Chrome browser started...
2019-09-26 18:57:16,468  INFO [main] LogReport:23 - Application is open...
2019-09-26 18:57:16,636  INFO [main] LogReport:23 - Successfully validated sitemap
2019-09-26 18:57:16,717  INFO [main] LogReport:23 - Successfully validated services
2019-09-26 18:57:16,784  INFO [main] LogReport:23 - Successfully validated careers
2019-09-26 18:57:16,820  INFO [main] LogReport:23 - Successfully validated contact us
2019-09-26 18:57:16,867  INFO [main] LogReport:23 - Successfully validated sitemap
2019-09-26 18:57:16,901  INFO [main] LogReport:23 - Successfully validated services
2019-09-26 18:57:16,920  INFO [main] LogReport:23 - Successfully validated careers
2019-09-26 18:57:16,951  INFO [main] LogReport:23 - Successfully validated contact us
2019-09-26 18:57:17,014  INFO [main] LogReport:23 - Successfully validated sitemap
2019-09-26 18:57:17,045  INFO [main] LogReport:23 - Successfully validated services
2019-09-26 18:57:17,100  INFO [main] LogReport:23 - Successfully validated careers
2019-09-26 18:57:17,121  INFO [main] LogReport:23 - Successfully validated contact us
2019-09-26 18:57:17,168  INFO [main] LogReport:23 - Successfully validated sitemap
2019-09-26 18:57:17,199  INFO [main] LogReport:23 - Successfully validated services
2019-09-26 18:57:17,257  INFO [main] LogReport:23 - Successfully validated careers
2019-09-26 18:57:17,282  INFO [main] LogReport:23 - Successfully validated contact us
2019-09-26 18:57:17,324  INFO [main] LogReport:23 - Successfully validated sitemap
2019-09-26 18:57:17,355  INFO [main] LogReport:23 - Successfully validated services
2019-09-26 18:57:17,386  INFO [main] LogReport:23 - Successfully validated careers
2019-09-26 18:57:17,418  INFO [main] LogReport:23 - Successfully validated contact us
2019-09-26 18:57:17,495  INFO [main] LogReport:23 - Successfully validated sitemap
2019-09-26 18:57:17,513  INFO [main] LogReport:23 - Successfully validated services
2019-09-26 18:57:17,545  INFO [main] LogReport:23 - Successfully validated careers
2019-09-26 18:57:17,581  INFO [main] LogReport:23 - Successfully validated contact us
2019-09-26 18:57:17,606  INFO [main] LogReport:23 - Successfully validated sitemap
2019-09-26 18:57:17,637  INFO [main] LogReport:23 - Successfully validated services
2019-09-26 18:57:17,668  INFO [main] LogReport:23 - Successfully validated careers
2019-09-26 18:57:17,703  INFO [main] LogReport:23 - Successfully validated contact us
2019-09-26 18:57:17,769  INFO [main] LogReport:23 - Successfully validated sitemap
2019-09-26 18:57:17,800  INFO [main] LogReport:23 - Successfully validated services
2019-09-26 18:57:17,831  INFO [main] LogReport:23 - Successfully validated careers
2019-09-26 18:57:17,863  INFO [main] LogReport:23 - Successfully validated contact us
2019-09-26 18:57:38,849  INFO [main] LogReport:23 - Chrome browser started...
2019-09-26 18:57:48,307  INFO [main] LogReport:23 - Application is open...
2019-09-26 19:00:35,061  INFO [main] LogReport:23 - Chrome browser started...
2019-09-26 19:00:44,679  INFO [main] LogReport:23 - Application is open...
2019-09-26 19:02:26,445  INFO [main] LogReport:23 - Chrome browser started...
2019-09-26 19:02:36,543  INFO [main] LogReport:23 - Application is open...
2019-09-26 19:02:45,829  INFO [main] LogReport:23 - Successfully validated breadcrumb
2019-09-26 19:02:45,864  INFO [main] LogReport:23 - Successfully validated title
2019-09-26 19:02:45,923  INFO [main] LogReport:23 - Successfully validated date
2019-09-26 19:02:46,052  INFO [main] LogReport:23 - Successfully validated content
2019-09-26 19:03:30,668  INFO [main] LogReport:23 - Chrome browser started...
2019-09-26 19:03:40,885  INFO [main] LogReport:23 - Application is open...
2019-09-26 19:03:41,069  INFO [main] LogReport:23 - Successfully validated sitemap
2019-09-26 19:03:41,116  INFO [main] LogReport:23 - Successfully validated services
2019-09-26 19:03:41,165  INFO [main] LogReport:23 - Successfully validated careers
2019-09-26 19:03:41,191  INFO [main] LogReport:23 - Successfully validated contact us
2019-09-26 19:03:41,238  INFO [main] LogReport:23 - Successfully validated sitemap
2019-09-26 19:03:41,269  INFO [main] LogReport:23 - Successfully validated services
2019-09-26 19:03:41,301  INFO [main] LogReport:23 - Successfully validated careers
2019-09-26 19:03:41,337  INFO [main] LogReport:23 - Successfully validated contact us
2019-09-26 19:03:41,382  INFO [main] LogReport:23 - Successfully validated sitemap
2019-09-26 19:03:41,396  INFO [main] LogReport:23 - Successfully validated services
2019-09-26 19:03:41,443  INFO [main] LogReport:23 - Successfully validated careers
2019-09-26 19:03:41,475  INFO [main] LogReport:23 - Successfully validated contact us
2019-09-26 19:03:41,524  INFO [main] LogReport:23 - Successfully validated sitemap
2019-09-26 19:03:41,555  INFO [main] LogReport:23 - Successfully validated services
2019-09-26 19:03:41,586  INFO [main] LogReport:23 - Successfully validated careers
2019-09-26 19:03:41,618  INFO [main] LogReport:23 - Successfully validated contact us
2019-09-26 19:03:41,649  INFO [main] LogReport:23 - Successfully validated sitemap
2019-09-26 19:03:41,683  INFO [main] LogReport:23 - Successfully validated services
2019-09-26 19:03:41,701  INFO [main] LogReport:23 - Successfully validated careers
2019-09-26 19:03:41,724  INFO [main] LogReport:23 - Successfully validated contact us
2019-09-26 19:03:41,774  INFO [main] LogReport:23 - Successfully validated sitemap
2019-09-26 19:03:41,805  INFO [main] LogReport:23 - Successfully validated services
2019-09-26 19:03:41,821  INFO [main] LogReport:23 - Successfully validated careers
2019-09-26 19:03:41,879  INFO [main] LogReport:23 - Successfully validated contact us
2019-09-26 19:03:41,908  INFO [main] LogReport:23 - Successfully validated sitemap
2019-09-26 19:03:41,927  INFO [main] LogReport:23 - Successfully validated services
2019-09-26 19:03:41,974  INFO [main] LogReport:23 - Successfully validated careers
2019-09-26 19:03:41,989  INFO [main] LogReport:23 - Successfully validated contact us
2019-09-26 19:03:42,051  INFO [main] LogReport:23 - Successfully validated sitemap
2019-09-26 19:03:42,069  INFO [main] LogReport:23 - Successfully validated services
2019-09-26 19:03:42,074  INFO [main] LogReport:23 - Successfully validated careers
2019-09-26 19:03:42,121  INFO [main] LogReport:23 - Successfully validated contact us
2019-09-26 19:03:44,561  INFO [main] LogReport:23 - Chrome browser started...
2019-09-26 19:03:54,444  INFO [main] LogReport:23 - Application is open...
2019-09-26 19:04:05,022  INFO [main] LogReport:23 - Successfully validated breadcrumb
2019-09-26 19:04:05,066  INFO [main] LogReport:23 - Successfully validated title
2019-09-26 19:04:05,106  INFO [main] LogReport:23 - Successfully validated date
2019-09-26 19:04:05,167  INFO [main] LogReport:23 - Successfully validated content
2019-09-26 19:05:45,206  INFO [main] LogReport:23 - Chrome browser started...
2019-09-26 19:05:54,331  INFO [main] LogReport:23 - Application is open...
2019-09-26 19:05:54,499  INFO [main] LogReport:23 - Successfully validated sitemap
2019-09-26 19:05:54,557  INFO [main] LogReport:23 - Successfully validated services
2019-09-26 19:05:54,594  INFO [main] LogReport:23 - Successfully validated careers
2019-09-26 19:05:54,616  INFO [main] LogReport:23 - Successfully validated contact us
2019-09-26 19:05:54,648  INFO [main] LogReport:23 - Successfully validated sitemap
2019-09-26 19:05:54,674  INFO [main] LogReport:23 - Successfully validated services
2019-09-26 19:05:54,682  INFO [main] LogReport:23 - Successfully validated careers
2019-09-26 19:05:54,714  INFO [main] LogReport:23 - Successfully validated contact us
2019-09-26 19:05:54,761  INFO [main] LogReport:23 - Successfully validated sitemap
2019-09-26 19:05:54,792  INFO [main] LogReport:23 - Successfully validated services
2019-09-26 19:05:54,836  INFO [main] LogReport:23 - Successfully validated careers
2019-09-26 19:05:54,845  INFO [main] LogReport:23 - Successfully validated contact us
2019-09-26 19:05:54,892  INFO [main] LogReport:23 - Successfully validated sitemap
2019-09-26 19:05:54,923  INFO [main] LogReport:23 - Successfully validated services
2019-09-26 19:05:54,953  INFO [main] LogReport:23 - Successfully validated careers
2019-09-26 19:05:54,966  INFO [main] LogReport:23 - Successfully validated contact us
2019-09-26 19:05:55,014  INFO [main] LogReport:23 - Successfully validated sitemap
2019-09-26 19:05:55,033  INFO [main] LogReport:23 - Successfully validated services
2019-09-26 19:05:55,064  INFO [main] LogReport:23 - Successfully validated careers
2019-09-26 19:05:55,095  INFO [main] LogReport:23 - Successfully validated contact us
2019-09-26 19:05:55,142  INFO [main] LogReport:23 - Successfully validated sitemap
2019-09-26 19:05:55,174  INFO [main] LogReport:23 - Successfully validated services
2019-09-26 19:05:55,205  INFO [main] LogReport:23 - Successfully validated careers
2019-09-26 19:05:55,234  INFO [main] LogReport:23 - Successfully validated contact us
2019-09-26 19:05:55,281  INFO [main] LogReport:23 - Successfully validated sitemap
2019-09-26 19:05:55,312  INFO [main] LogReport:23 - Successfully validated services
2019-09-26 19:05:55,347  INFO [main] LogReport:23 - Successfully validated careers
2019-09-26 19:05:55,367  INFO [main] LogReport:23 - Successfully validated contact us
2019-09-26 19:05:55,414  INFO [main] LogReport:23 - Successfully validated sitemap
2019-09-26 19:05:55,445  INFO [main] LogReport:23 - Successfully validated services
2019-09-26 19:05:55,476  INFO [main] LogReport:23 - Successfully validated careers
2019-09-26 19:05:55,523  INFO [main] LogReport:23 - Successfully validated contact us
2019-09-26 19:12:35,990  INFO [main] LogReport:23 - Chrome browser started...
2019-09-26 19:12:45,415  INFO [main] LogReport:23 - Application is open...
2019-09-26 19:12:47,583  INFO [main] LogReport:23 - Successfully validated sitemap
2019-09-26 19:12:47,625  INFO [main] LogReport:23 - Successfully validated services
2019-09-26 19:12:47,666  INFO [main] LogReport:23 - Successfully validated careers
2019-09-26 19:12:47,706  INFO [main] LogReport:23 - Successfully validated contact us
2019-09-26 19:12:49,207  INFO [main] LogReport:23 - Successfully validated sitemap
2019-09-26 19:12:49,227  INFO [main] LogReport:23 - Successfully validated services
2019-09-26 19:12:49,259  INFO [main] LogReport:23 - Successfully validated careers
2019-09-26 19:12:49,313  INFO [main] LogReport:23 - Successfully validated contact us
2019-09-26 19:12:53,992  INFO [main] LogReport:23 - Successfully validated sitemap
2019-09-26 19:12:54,049  INFO [main] LogReport:23 - Successfully validated services
2019-09-26 19:12:54,085  INFO [main] LogReport:23 - Successfully validated careers
2019-09-26 19:12:54,115  INFO [main] LogReport:23 - Successfully validated contact us
2019-09-26 19:12:58,703  INFO [main] LogReport:23 - Successfully validated sitemap
2019-09-26 19:12:58,728  INFO [main] LogReport:23 - Successfully validated services
2019-09-26 19:12:58,775  INFO [main] LogReport:23 - Successfully validated careers
2019-09-26 19:12:58,803  INFO [main] LogReport:23 - Successfully validated contact us
2019-09-26 19:13:05,569  INFO [main] LogReport:23 - Successfully validated sitemap
2019-09-26 19:13:05,591  INFO [main] LogReport:23 - Successfully validated services
2019-09-26 19:13:05,619  INFO [main] LogReport:23 - Successfully validated careers
2019-09-26 19:13:05,647  INFO [main] LogReport:23 - Successfully validated contact us
2019-09-26 19:13:10,945  INFO [main] LogReport:23 - Successfully validated sitemap
2019-09-26 19:13:10,974  INFO [main] LogReport:23 - Successfully validated services
2019-09-26 19:13:10,999  INFO [main] LogReport:23 - Successfully validated careers
2019-09-26 19:13:11,021  INFO [main] LogReport:23 - Successfully validated contact us
2019-09-26 19:14:51,721  INFO [main] LogReport:23 - Chrome browser started...
2019-09-26 19:15:01,225  INFO [main] LogReport:23 - Application is open...
2019-09-26 19:15:04,892  INFO [main] LogReport:23 - Successfully validated sitemap
2019-09-26 19:15:04,960  INFO [main] LogReport:23 - Successfully validated services
2019-09-26 19:15:05,016  INFO [main] LogReport:23 - Successfully validated careers
2019-09-26 19:15:05,083  INFO [main] LogReport:23 - Successfully validated contact us
2019-09-26 19:15:06,889  INFO [main] LogReport:23 - Successfully validated sitemap
2019-09-26 19:15:06,932  INFO [main] LogReport:23 - Successfully validated services
2019-09-26 19:15:06,979  INFO [main] LogReport:23 - Successfully validated careers
2019-09-26 19:15:07,010  INFO [main] LogReport:23 - Successfully validated contact us
2019-09-26 19:15:11,691  INFO [main] LogReport:23 - Successfully validated sitemap
2019-09-26 19:15:11,719  INFO [main] LogReport:23 - Successfully validated services
2019-09-26 19:15:11,753  INFO [main] LogReport:23 - Successfully validated careers
2019-09-26 19:15:11,785  INFO [main] LogReport:23 - Successfully validated contact us
2019-09-26 19:15:13,929  INFO [main] LogReport:23 - Successfully validated sitemap
2019-09-26 19:15:13,956  INFO [main] LogReport:23 - Successfully validated services
2019-09-26 19:15:13,988  INFO [main] LogReport:23 - Successfully validated careers
2019-09-26 19:15:14,014  INFO [main] LogReport:23 - Successfully validated contact us
2019-09-26 19:15:16,490  INFO [main] LogReport:23 - Successfully validated sitemap
2019-09-26 19:15:16,520  INFO [main] LogReport:23 - Successfully validated services
2019-09-26 19:15:16,550  INFO [main] LogReport:23 - Successfully validated careers
2019-09-26 19:15:16,586  INFO [main] LogReport:23 - Successfully validated contact us
2019-09-26 19:15:20,570  INFO [main] LogReport:23 - Successfully validated sitemap
2019-09-26 19:15:20,605  INFO [main] LogReport:23 - Successfully validated services
2019-09-26 19:15:20,636  INFO [main] LogReport:23 - Successfully validated careers
2019-09-26 19:15:20,663  INFO [main] LogReport:23 - Successfully validated contact us
2019-09-26 19:15:43,155  INFO [main] LogReport:23 - Chrome browser started...
2019-09-26 19:15:52,526  INFO [main] LogReport:23 - Application is open...
2019-09-26 19:15:54,872  INFO [main] LogReport:23 - Successfully validated sitemap
2019-09-26 19:15:54,914  INFO [main] LogReport:23 - Successfully validated services
2019-09-26 19:15:54,973  INFO [main] LogReport:23 - Successfully validated careers
2019-09-26 19:15:55,011  INFO [main] LogReport:23 - Successfully validated contact us
2019-09-26 19:15:56,397  INFO [main] LogReport:23 - Successfully validated sitemap
2019-09-26 19:15:56,418  INFO [main] LogReport:23 - Successfully validated services
2019-09-26 19:15:56,458  INFO [main] LogReport:23 - Successfully validated careers
2019-09-26 19:15:56,476  INFO [main] LogReport:23 - Successfully validated contact us
2019-09-26 19:16:01,032  INFO [main] LogReport:23 - Successfully validated sitemap
2019-09-26 19:16:01,063  INFO [main] LogReport:23 - Successfully validated services
2019-09-26 19:16:01,102  INFO [main] LogReport:23 - Successfully validated careers
2019-09-26 19:16:01,132  INFO [main] LogReport:23 - Successfully validated contact us
2019-09-26 19:16:04,609  INFO [main] LogReport:23 - Successfully validated sitemap
2019-09-26 19:16:04,639  INFO [main] LogReport:23 - Successfully validated services
2019-09-26 19:16:04,683  INFO [main] LogReport:23 - Successfully validated careers
2019-09-26 19:16:04,706  INFO [main] LogReport:23 - Successfully validated contact us
2019-09-26 19:16:06,961  INFO [main] LogReport:23 - Successfully validated sitemap
2019-09-26 19:16:06,974  INFO [main] LogReport:23 - Successfully validated services
2019-09-26 19:16:07,005  INFO [main] LogReport:23 - Successfully validated careers
2019-09-26 19:16:07,047  INFO [main] LogReport:23 - Successfully validated contact us
2019-09-26 19:16:11,335  INFO [main] LogReport:23 - Successfully validated sitemap
2019-09-26 19:16:11,363  INFO [main] LogReport:23 - Successfully validated services
2019-09-26 19:16:11,387  INFO [main] LogReport:23 - Successfully validated careers
2019-09-26 19:16:11,413  INFO [main] LogReport:23 - Successfully validated contact us
2019-09-26 19:16:13,365  INFO [main] LogReport:23 - Successfully validated sitemap
2019-09-26 19:16:13,390  INFO [main] LogReport:23 - Successfully validated services
2019-09-26 19:16:13,413  INFO [main] LogReport:23 - Successfully validated careers
2019-09-26 19:16:13,435  INFO [main] LogReport:23 - Successfully validated contact us
2019-09-26 19:16:51,301  INFO [main] LogReport:23 - Chrome browser started...
2019-09-26 19:17:00,275  INFO [main] LogReport:23 - Application is open...
2019-09-26 19:17:02,581  INFO [main] LogReport:23 - Successfully validated sitemap
2019-09-26 19:17:02,627  INFO [main] LogReport:23 - Successfully validated services
2019-09-26 19:17:02,668  INFO [main] LogReport:23 - Successfully validated careers
2019-09-26 19:17:02,711  INFO [main] LogReport:23 - Successfully validated contact us
2019-09-26 19:17:05,511  INFO [main] LogReport:23 - Successfully validated sitemap
2019-09-26 19:17:05,556  INFO [main] LogReport:23 - Successfully validated services
2019-09-26 19:17:05,596  INFO [main] LogReport:23 - Successfully validated careers
2019-09-26 19:17:05,624  INFO [main] LogReport:23 - Successfully validated contact us
2019-09-26 19:17:11,358  INFO [main] LogReport:23 - Successfully validated sitemap
2019-09-26 19:17:11,402  INFO [main] LogReport:23 - Successfully validated services
2019-09-26 19:17:11,433  INFO [main] LogReport:23 - Successfully validated careers
2019-09-26 19:17:11,463  INFO [main] LogReport:23 - Successfully validated contact us
2019-09-26 19:17:13,708  INFO [main] LogReport:23 - Successfully validated sitemap
2019-09-26 19:17:13,737  INFO [main] LogReport:23 - Successfully validated services
2019-09-26 19:17:13,772  INFO [main] LogReport:23 - Successfully validated careers
2019-09-26 19:17:13,800  INFO [main] LogReport:23 - Successfully validated contact us
2019-09-26 19:17:15,880  INFO [main] LogReport:23 - Successfully validated sitemap
2019-09-26 19:17:15,904  INFO [main] LogReport:23 - Successfully validated services
2019-09-26 19:17:15,912  INFO [main] LogReport:23 - Successfully validated careers
2019-09-26 19:17:15,981  INFO [main] LogReport:23 - Successfully validated contact us
2019-09-26 19:17:19,719  INFO [main] LogReport:23 - Successfully validated sitemap
2019-09-26 19:17:19,754  INFO [main] LogReport:23 - Successfully validated services
2019-09-26 19:17:19,819  INFO [main] LogReport:23 - Successfully validated careers
2019-09-26 19:17:19,848  INFO [main] LogReport:23 - Successfully validated contact us
2019-09-26 19:17:21,905  INFO [main] LogReport:23 - Successfully validated sitemap
2019-09-26 19:17:21,934  INFO [main] LogReport:23 - Successfully validated services
2019-09-26 19:17:21,961  INFO [main] LogReport:23 - Successfully validated careers
2019-09-26 19:17:21,988  INFO [main] LogReport:23 - Successfully validated contact us
2019-09-26 19:17:56,296  INFO [main] LogReport:23 - Chrome browser started...
2019-09-26 19:18:05,770  INFO [main] LogReport:23 - Application is open...
2019-09-26 19:18:08,468  INFO [main] LogReport:23 - Successfully validated sitemap
2019-09-26 19:18:08,511  INFO [main] LogReport:23 - Successfully validated services
2019-09-26 19:18:08,549  INFO [main] LogReport:23 - Successfully validated careers
2019-09-26 19:18:08,585  INFO [main] LogReport:23 - Successfully validated contact us
2019-09-26 19:18:11,194  INFO [main] LogReport:23 - Successfully validated sitemap
2019-09-26 19:18:11,211  INFO [main] LogReport:23 - Successfully validated services
2019-09-26 19:18:11,242  INFO [main] LogReport:23 - Successfully validated careers
2019-09-26 19:18:11,289  INFO [main] LogReport:23 - Successfully validated contact us
2019-09-26 19:18:16,560  INFO [main] LogReport:23 - Successfully validated sitemap
2019-09-26 19:18:16,591  INFO [main] LogReport:23 - Successfully validated services
2019-09-26 19:18:16,623  INFO [main] LogReport:23 - Successfully validated careers
2019-09-26 19:18:16,665  INFO [main] LogReport:23 - Successfully validated contact us
2019-09-26 19:18:19,445  INFO [main] LogReport:23 - Successfully validated sitemap
2019-09-26 19:18:19,469  INFO [main] LogReport:23 - Successfully validated services
2019-09-26 19:18:19,493  INFO [main] LogReport:23 - Successfully validated careers
2019-09-26 19:18:19,517  INFO [main] LogReport:23 - Successfully validated contact us
2019-09-26 19:18:21,618  INFO [main] LogReport:23 - Successfully validated sitemap
2019-09-26 19:18:21,632  INFO [main] LogReport:23 - Successfully validated services
2019-09-26 19:18:21,672  INFO [main] LogReport:23 - Successfully validated careers
2019-09-26 19:18:21,708  INFO [main] LogReport:23 - Successfully validated contact us
2019-09-26 19:18:25,368  INFO [main] LogReport:23 - Successfully validated sitemap
2019-09-26 19:18:25,406  INFO [main] LogReport:23 - Successfully validated services
2019-09-26 19:18:25,452  INFO [main] LogReport:23 - Successfully validated careers
2019-09-26 19:18:25,485  INFO [main] LogReport:23 - Successfully validated contact us
2019-09-26 19:18:27,555  INFO [main] LogReport:23 - Successfully validated sitemap
2019-09-26 19:18:27,586  INFO [main] LogReport:23 - Successfully validated services
2019-09-26 19:18:27,609  INFO [main] LogReport:23 - Successfully validated careers
2019-09-26 19:18:27,634  INFO [main] LogReport:23 - Successfully validated contact us
2019-09-26 19:18:29,757  INFO [main] LogReport:23 - Successfully validated sitemap
2019-09-26 19:18:29,781  INFO [main] LogReport:23 - Successfully validated services
2019-09-26 19:18:29,809  INFO [main] LogReport:23 - Successfully validated careers
2019-09-26 19:18:29,834  INFO [main] LogReport:23 - Successfully validated contact us
2019-09-26 19:29:00,555  INFO [main] LogReport:23 - Chrome browser started...
2019-09-26 19:29:12,093  INFO [main] LogReport:23 - Application is open...
2019-09-26 19:29:21,471  INFO [main] LogReport:23 - Successfully validated breadcrumb
2019-09-26 19:29:21,514  INFO [main] LogReport:23 - Successfully validated title
2019-09-26 19:29:21,559  INFO [main] LogReport:23 - Successfully validated date
2019-09-26 19:29:21,637  INFO [main] LogReport:23 - Successfully validated content
2019-09-26 19:29:39,771  INFO [main] LogReport:23 - Chrome browser started...
2019-09-26 19:29:49,376  INFO [main] LogReport:23 - Application is open...
2019-09-26 19:29:51,515  INFO [main] LogReport:23 - Successfully validated sitemap
2019-09-26 19:29:51,559  INFO [main] LogReport:23 - Successfully validated services
2019-09-26 19:29:51,598  INFO [main] LogReport:23 - Successfully validated careers
2019-09-26 19:29:51,636  INFO [main] LogReport:23 - Successfully validated contact us
2019-09-26 19:29:53,559  INFO [main] LogReport:23 - Successfully validated sitemap
2019-09-26 19:29:53,597  INFO [main] LogReport:23 - Successfully validated services
2019-09-26 19:29:53,629  INFO [main] LogReport:23 - Successfully validated careers
2019-09-26 19:29:53,660  INFO [main] LogReport:23 - Successfully validated contact us
2019-09-26 19:29:58,973  INFO [main] LogReport:23 - Successfully validated sitemap
2019-09-26 19:29:59,010  INFO [main] LogReport:23 - Successfully validated services
2019-09-26 19:29:59,049  INFO [main] LogReport:23 - Successfully validated careers
2019-09-26 19:29:59,076  INFO [main] LogReport:23 - Successfully validated contact us
2019-09-26 19:30:01,275  INFO [main] LogReport:23 - Successfully validated sitemap
2019-09-26 19:30:01,298  INFO [main] LogReport:23 - Successfully validated services
2019-09-26 19:30:01,325  INFO [main] LogReport:23 - Successfully validated careers
2019-09-26 19:30:01,350  INFO [main] LogReport:23 - Successfully validated contact us
2019-09-26 19:30:07,522  INFO [main] LogReport:23 - Successfully validated sitemap
2019-09-26 19:30:07,542  INFO [main] LogReport:23 - Successfully validated services
2019-09-26 19:30:07,563  INFO [main] LogReport:23 - Successfully validated careers
2019-09-26 19:30:07,597  INFO [main] LogReport:23 - Successfully validated contact us
2019-09-26 19:30:13,531  INFO [main] LogReport:23 - Successfully validated sitemap
2019-09-26 19:30:13,558  INFO [main] LogReport:23 - Successfully validated services
2019-09-26 19:30:13,581  INFO [main] LogReport:23 - Successfully validated careers
2019-09-26 19:30:13,607  INFO [main] LogReport:23 - Successfully validated contact us
2019-09-26 19:30:15,864  INFO [main] LogReport:23 - Successfully validated sitemap
2019-09-26 19:30:15,890  INFO [main] LogReport:23 - Successfully validated services
2019-09-26 19:30:15,913  INFO [main] LogReport:23 - Successfully validated careers
2019-09-26 19:30:15,937  INFO [main] LogReport:23 - Successfully validated contact us
2019-09-26 19:30:18,468  INFO [main] LogReport:23 - Successfully validated sitemap
2019-09-26 19:30:18,498  INFO [main] LogReport:23 - Successfully validated services
2019-09-26 19:30:18,524  INFO [main] LogReport:23 - Successfully validated careers
2019-09-26 19:30:18,547  INFO [main] LogReport:23 - Successfully validated contact us
2019-09-26 19:30:33,228  INFO [main] LogReport:23 - Chrome browser started...
2019-09-26 19:30:42,519  INFO [main] LogReport:23 - Application is open...
2019-09-26 19:30:51,898  INFO [main] LogReport:23 - Successfully validated breadcrumb
2019-09-26 19:30:51,938  INFO [main] LogReport:23 - Successfully validated title
2019-09-26 19:30:51,990  INFO [main] LogReport:23 - Successfully validated date
2019-09-26 19:30:52,040  INFO [main] LogReport:23 - Successfully validated content
2019-09-26 19:36:02,166  INFO [main] LogReport:23 - Chrome browser started...
2019-09-26 19:36:12,063  INFO [main] LogReport:23 - Application is open...
2019-09-26 19:36:14,306  INFO [main] LogReport:23 - Successfully validated sitemap
2019-09-26 19:36:14,349  INFO [main] LogReport:23 - Successfully validated services
2019-09-26 19:36:14,383  INFO [main] LogReport:23 - Successfully validated careers
2019-09-26 19:36:14,420  INFO [main] LogReport:23 - Successfully validated contact us
2019-09-26 19:36:35,381  INFO [main] LogReport:23 - Chrome browser started...
2019-09-26 19:36:45,105  INFO [main] LogReport:23 - Application is open...
2019-09-26 19:36:47,416  INFO [main] LogReport:23 - Successfully validated sitemap
2019-09-26 19:36:47,464  INFO [main] LogReport:23 - Successfully validated services
2019-09-26 19:36:47,507  INFO [main] LogReport:23 - Successfully validated careers
2019-09-26 19:36:47,543  INFO [main] LogReport:23 - Successfully validated contact us
2019-09-26 19:41:04,761  INFO [main] LogReport:23 - Chrome browser started...
2019-09-26 19:41:13,761  INFO [main] LogReport:23 - Application is open...
2019-09-26 19:41:16,956  INFO [main] LogReport:23 - Successfully validated sitemap
2019-09-26 19:41:17,003  INFO [main] LogReport:23 - Successfully validated services
2019-09-26 19:41:17,045  INFO [main] LogReport:23 - Successfully validated careers
2019-09-26 19:41:17,082  INFO [main] LogReport:23 - Successfully validated contact us
